#
# There is insufficient memory for the Java Runtime Environment to continue.
# Native memory allocation (malloc) failed to allocate 1094416 bytes for Chunk::new
# Possible reasons:
#   The system is out of physical RAM or swap space
#   The process is running with CompressedOops enabled, and the Java Heap may be blocking the growth of the native heap
# Possible solutions:
#   Reduce memory load on the system
#   Increase physical memory or swap space
#   Check if swap backing store is full
#   Decrease Java heap size (-Xmx/-Xms)
#   Decrease number of Java threads
#   Decrease Java thread stack sizes (-Xss)
#   Set larger code cache with -XX:ReservedCodeCacheSize=
#   JVM is running with Unscaled Compressed Oops mode in which the Java heap is
#     placed in the first 4GB address space. The Java Heap base address is the
#     maximum limit for the native heap growth. Please use -XX:HeapBaseMinAddress
#     to set the Java Heap base and to place the Java Heap above 4GB virtual address.
# This output file may be truncated or incomplete.
#
#  Out of Memory Error (allocation.cpp:389), pid=22524, tid=0x0000000000001e48
#
# JRE version: OpenJDK Runtime Environment (8.0_242-b01) (build 1.8.0_242-release-1644-b01)
# Java VM: OpenJDK 64-Bit Server VM (25.242-b01 mixed mode windows-amd64 compressed oops)
# Failed to write core dump. Minidumps are not enabled by default on client versions of Windows
#

---------------  T H R E A D  ---------------

Current thread (0x0000000017b8a800):  JavaThread "C2 CompilerThread0" daemon [_thread_in_native, id=7752, stack(0x00000000194e0000,0x00000000195e0000)]

Stack: [0x00000000194e0000,0x00000000195e0000]
[error occurred during error reporting (printing stack bounds), id 0xc0000005]

Native frames: (J=compiled Java code, j=interpreted, Vv=VM code, C=native code)


Current CompileTask:
C2: 159200 11929   !   4       com.google.common.cache.LocalCache$Segment::lockedGetOrLoad (447 bytes)


---------------  P R O C E S S  ---------------

Java Threads: ( => current thread )
  0x000000001e5d0000 JavaThread "stdout" [_thread_in_native, id=8136, stack(0x0000000023eb0000,0x0000000023fb0000)]
  0x000000001e65d800 JavaThread "stderr" [_thread_in_native, id=21960, stack(0x0000000023db0000,0x0000000023eb0000)]
  0x000000001e65c800 JavaThread "stdout" [_thread_in_native, id=26700, stack(0x0000000023cb0000,0x0000000023db0000)]
  0x000000001e65b000 JavaThread "stderr" [_thread_in_native, id=27032, stack(0x0000000023bb0000,0x0000000023cb0000)]
  0x000000001e65c000 JavaThread "stdout" [_thread_in_native, id=18128, stack(0x0000000022a20000,0x0000000022b20000)]
  0x000000001e659800 JavaThread "stderr" [_thread_in_native, id=18696, stack(0x0000000022920000,0x0000000022a20000)]
  0x000000001e659000 JavaThread "stdout" [_thread_in_native, id=12380, stack(0x0000000022820000,0x0000000022920000)]
  0x000000001e65a800 JavaThread "stderr" [_thread_in_native, id=28492, stack(0x0000000022720000,0x0000000022820000)]
  0x000000001e657800 JavaThread "pool-2-thread-1" [_thread_blocked, id=27056, stack(0x0000000021b20000,0x0000000021c20000)]
  0x000000001e5d1800 JavaThread "MarlinRenderer Disposer" daemon [_thread_blocked, id=23920, stack(0x000000002ade0000,0x000000002aee0000)]
  0x000000001e5d6000 JavaThread "Java2D Disposer" daemon [_thread_blocked, id=27068, stack(0x000000002ab70000,0x000000002ac70000)]
  0x000000001e665000 JavaThread "WorkerExecutor Queue Thread 3" [_thread_in_Java, id=28380, stack(0x000000002a970000,0x000000002aa70000)]
  0x000000001e663800 JavaThread "Cache worker for execution history cache (C:\Users\82105\Desktop\probonoApp\.gradle\6.5\executionHistory)" [_thread_blocked, id=12904, stack(0x0000000029ee0000,0x0000000029fe0000)]
  0x000000001e65f800 JavaThread "Execution worker for ':' Thread 3" [_thread_blocked, id=26288, stack(0x000000002a470000,0x000000002a570000)]
  0x000000001e65f000 JavaThread "Execution worker for ':' Thread 2" [_thread_blocked, id=28956, stack(0x000000002a370000,0x000000002a470000)]
  0x000000001e665800 JavaThread "Execution worker for ':'" [_thread_blocked, id=23216, stack(0x000000002a270000,0x000000002a370000)]
  0x000000001e664000 JavaThread "Cache worker for file content cache (C:\Users\82105\Desktop\probonoApp\.gradle\6.5\fileContent)" [_thread_blocked, id=17016, stack(0x00000000299e0000,0x0000000029ae0000)]
  0x000000001e660800 JavaThread "Memory manager" [_thread_blocked, id=29256, stack(0x0000000029620000,0x0000000029720000)]
  0x000000001e65e000 JavaThread "pool-1-thread-1" [_thread_blocked, id=23088, stack(0x0000000028920000,0x0000000028a20000)]
  0x000000001e656800 JavaThread "Cache worker for Build Output Cleanup Cache (C:\Users\82105\Desktop\probonoApp\.gradle\buildOutputCleanup)" [_thread_blocked, id=7280, stack(0x0000000028820000,0x0000000028920000)]
  0x000000001a5e6800 JavaThread "Build operations Thread 4" [_thread_in_native, id=13872, stack(0x0000000022620000,0x0000000022720000)]
  0x000000001a5e5000 JavaThread "Build operations Thread 3" [_thread_blocked, id=25280, stack(0x0000000022520000,0x0000000022620000)]
  0x000000001a5e3800 JavaThread "Build operations Thread 2" [_thread_in_native, id=9924, stack(0x0000000022420000,0x0000000022520000)]
  0x000000001a5e2800 JavaThread "Build operations" [_thread_blocked, id=27348, stack(0x0000000022320000,0x0000000022420000)]
  0x000000001a5e4000 JavaThread "Cache worker for file content cache (C:\Users\82105\.gradle\caches\6.5\fileContent)" [_thread_blocked, id=14716, stack(0x0000000021c20000,0x0000000021d20000)]
  0x000000001a5b4000 JavaThread "Cache worker for execution history cache (C:\Users\82105\.gradle\caches\6.5\executionHistory)" [_thread_blocked, id=18644, stack(0x0000000021420000,0x0000000021520000)]
  0x000000001a5b2000 JavaThread "Cache worker for cache directory md-rule (C:\Users\82105\.gradle\caches\6.5\md-rule)" [_thread_blocked, id=8404, stack(0x0000000021320000,0x0000000021420000)]
  0x000000001a5b5000 JavaThread "Cache worker for cache directory md-supplier (C:\Users\82105\.gradle\caches\6.5\md-supplier)" [_thread_blocked, id=20832, stack(0x000000001ff70000,0x0000000020070000)]
  0x000000001a5b8800 JavaThread "Cache worker for checksums cache (C:\Users\82105\Desktop\probonoApp\.gradle\checksums)" [_thread_blocked, id=19700, stack(0x000000001ee00000,0x000000001ef00000)]
  0x000000001a5b7000 JavaThread "Cache worker for file hash cache (C:\Users\82105\Desktop\probonoApp\.gradle\6.5\fileHashes)" [_thread_blocked, id=25348, stack(0x000000001d8c0000,0x000000001d9c0000)]
  0x000000001a5b3800 JavaThread "Cache worker for file hash cache (C:\Users\82105\.gradle\caches\6.5\fileHashes)" [_thread_blocked, id=6432, stack(0x000000001d7c0000,0x000000001d8c0000)]
  0x000000001a5b6800 JavaThread "File lock request listener" [_thread_in_native, id=19280, stack(0x000000001d6c0000,0x000000001d7c0000)]
  0x000000001a5b8000 JavaThread "Cache worker for journal cache (C:\Users\82105\.gradle\caches\journal-1)" [_thread_blocked, id=14156, stack(0x000000001d4c0000,0x000000001d5c0000)]
  0x000000001a502800 JavaThread "Thread-9" [_thread_blocked, id=7096, stack(0x000000001d1c0000,0x000000001d2c0000)]
  0x00000000190c5000 JavaThread "Asynchronous log dispatcher for DefaultDaemonConnection: socket connection from /127.0.0.1:57395 to /127.0.0.1:57396" [_thread_blocked, id=1488, stack(0x000000001cfc0000,0x000000001d0c0000)]
  0x00000000190c6800 JavaThread "Daemon worker" [_thread_blocked, id=25652, stack(0x000000001cec0000,0x000000001cfc0000)]
  0x000000001aa03000 JavaThread "Cancel handler" [_thread_blocked, id=21572, stack(0x000000001cdc0000,0x000000001cec0000)]
  0x0000000019ef4000 JavaThread "Handler for socket connection from /127.0.0.1:57395 to /127.0.0.1:57396" [_thread_in_native, id=12912, stack(0x000000001ccc0000,0x000000001cdc0000)]
  0x0000000019ef0800 JavaThread "Daemon" [_thread_blocked, id=24688, stack(0x000000001cbc0000,0x000000001ccc0000)]
  0x000000001b544800 JavaThread "Daemon periodic checks" [_thread_blocked, id=4308, stack(0x000000001c8c0000,0x000000001c9c0000)]
  0x000000001b542800 JavaThread "Incoming local TCP Connector on port 57395" [_thread_in_native, id=22928, stack(0x000000001c6e0000,0x000000001c7e0000)]
  0x000000001b4bb800 JavaThread "Daemon health stats" [_thread_blocked, id=25452, stack(0x000000001c3e0000,0x000000001c4e0000)]
  0x0000000018f68000 JavaThread "Service Thread" daemon [_thread_blocked, id=21756, stack(0x00000000197e0000,0x00000000198e0000)]
  0x0000000018ef1800 JavaThread "C1 CompilerThread2" daemon [_thread_blocked, id=21524, stack(0x00000000196e0000,0x00000000197e0000)]
  0x0000000017b92800 JavaThread "C2 CompilerThread1" daemon [_thread_blocked, id=15896, stack(0x00000000195e0000,0x00000000196e0000)]
=>0x0000000017b8a800 JavaThread "C2 CompilerThread0" daemon [_thread_in_native, id=7752, stack(0x00000000194e0000,0x00000000195e0000)]
  0x0000000017b89800 JavaThread "Attach Listener" daemon [_thread_blocked, id=27552, stack(0x00000000193e0000,0x00000000194e0000)]
  0x0000000018ef0800 JavaThread "Signal Dispatcher" daemon [_thread_blocked, id=19768, stack(0x00000000192e0000,0x00000000193e0000)]
  0x0000000002f5b800 JavaThread "Finalizer" daemon [_thread_blocked, id=29504, stack(0x0000000018de0000,0x0000000018ee0000)]
  0x0000000017b69000 JavaThread "Reference Handler" daemon [_thread_blocked, id=27084, stack(0x0000000018ce0000,0x0000000018de0000)]
  0x0000000002e5e800 JavaThread "main" [_thread_blocked, id=8912, stack(0x0000000002c60000,0x0000000002d60000)]

Other Threads:
  0x0000000017b46800 VMThread [stack: 0x0000000018be0000,0x0000000018ce0000] [id=28400]
  0x0000000018f68800 WatcherThread [stack: 0x00000000198e0000,0x00000000199e0000] [id=19180]

VM state:not at safepoint (normal execution)

VM Mutex/Monitor currently owned by a thread: None

heap address: 0x0000000080000000, size: 2048 MB, Compressed Oops mode: 32-bit
Narrow klass base: 0x0000000000000000, Narrow klass shift: 3
Compressed class space size: 1073741824 Address: 0x0000000100000000

Heap:
 PSYoungGen      total 201728K, used 17368K [0x00000000d5580000, 0x00000000e3580000, 0x0000000100000000)
  eden space 174080K, 1% used [0x00000000d5580000,0x00000000d58d1f08,0x00000000dff80000)
  from space 27648K, 50% used [0x00000000dff80000,0x00000000e0d24440,0x00000000e1a80000)
  to   space 27648K, 0% used [0x00000000e1a80000,0x00000000e1a80000,0x00000000e3580000)
 ParOldGen       total 125952K, used 55543K [0x0000000080000000, 0x0000000087b00000, 0x00000000d5580000)
  object space 125952K, 44% used [0x0000000080000000,0x000000008363dc68,0x0000000087b00000)
 Metaspace       used 74585K, capacity 77950K, committed 78296K, reserved 1116160K
  class space    used 9982K, capacity 10625K, committed 10752K, reserved 1048576K

Card table byte_map: [0x0000000012320000,0x0000000012730000] byte_map_base: 0x0000000011f20000

Marking Bits: (ParMarkBitMap*) 0x000000005d67f030
 Begin Bits: [0x0000000012de0000, 0x0000000014de0000)
 End Bits:   [0x0000000014de0000, 0x0000000016de0000)

Polling page: 0x0000000001100000

CodeCache: size=245760Kb used=33212Kb max_used=33230Kb free=212547Kb
 bounds [0x0000000002f60000, 0x0000000005000000, 0x0000000011f60000]
 total_blobs=11043 nmethods=10113 adapters=841
 compilation: enabled

Compilation events (10 events):
Event: 158.692 Thread 0x0000000018ef1800 nmethod 11925 0x0000000004fd5650 code [0x0000000004fd57c0, 0x0000000004fd5a68]
Event: 158.692 Thread 0x0000000018ef1800 11927       3       java.util.stream.SpinedBuffer::clear (91 bytes)
Event: 158.693 Thread 0x0000000018ef1800 nmethod 11927 0x0000000004fe3350 code [0x0000000004fe3500, 0x0000000004fe3b30]
Event: 158.693 Thread 0x0000000018ef1800 11926       3       org.gradle.api.internal.artifacts.transform.DefaultTransformerInvocationFactory$TransformerExecution::lambda$writeResultsFile$0 (150 bytes)
Event: 158.696 Thread 0x0000000018ef1800 nmethod 11926 0x0000000004ff7b90 code [0x0000000004ff8000, 0x0000000004ffa988]
Event: 158.697 Thread 0x0000000017b92800 11928       4       java.util.Vector$Itr::hasNext (20 bytes)
Event: 158.698 Thread 0x0000000017b92800 nmethod 11928 0x0000000004fe0510 code [0x0000000004fe0640, 0x0000000004fe06b8]
Event: 158.770 Thread 0x0000000017b8a800 11929   !   4       com.google.common.cache.LocalCache$Segment::lockedGetOrLoad (447 bytes)
Event: 158.973 Thread 0x0000000018ef1800 11930       3       java.util.zip.ZipFile::finalize (5 bytes)
Event: 158.974 Thread 0x0000000018ef1800 nmethod 11930 0x0000000004fe2f50 code [0x0000000004fe30c0, 0x0000000004fe32c8]

GC Heap History (10 events):
Event: 69.129 GC heap before
{Heap before GC invocations=23 (full 3):
 PSYoungGen      total 158720K, used 157236K [0x00000000d5580000, 0x00000000e0c00000, 0x0000000100000000)
  eden space 142848K, 99% used [0x00000000d5580000,0x00000000de09b6f8,0x00000000de100000)
  from space 15872K, 93% used [0x00000000de100000,0x00000000def71a48,0x00000000df080000)
  to   space 17920K, 0% used [0x00000000dfa80000,0x00000000dfa80000,0x00000000e0c00000)
 ParOldGen       total 91136K, used 41329K [0x0000000080000000, 0x0000000085900000, 0x00000000d5580000)
  object space 91136K, 45% used [0x0000000080000000,0x000000008285c790,0x0000000085900000)
 Metaspace       used 67133K, capacity 70400K, committed 70744K, reserved 1110016K
  class space    used 9147K, capacity 9752K, committed 9856K, reserved 1048576K
Event: 70.075 GC heap after
Heap after GC invocations=23 (full 3):
 PSYoungGen      total 158720K, used 17916K [0x00000000d5580000, 0x00000000e3780000, 0x0000000100000000)
  eden space 140800K, 0% used [0x00000000d5580000,0x00000000d5580000,0x00000000ddf00000)
  from space 17920K, 99% used [0x00000000dfa80000,0x00000000e0bff140,0x00000000e0c00000)
  to   space 28160K, 0% used [0x00000000ddf00000,0x00000000ddf00000,0x00000000dfa80000)
 ParOldGen       total 91136K, used 61593K [0x0000000080000000, 0x0000000085900000, 0x00000000d5580000)
  object space 91136K, 67% used [0x0000000080000000,0x0000000083c26448,0x0000000085900000)
 Metaspace       used 67133K, capacity 70400K, committed 70744K, reserved 1110016K
  class space    used 9147K, capacity 9752K, committed 9856K, reserved 1048576K
}
Event: 120.260 GC heap before
{Heap before GC invocations=24 (full 3):
 PSYoungGen      total 158720K, used 158710K [0x00000000d5580000, 0x00000000e3780000, 0x0000000100000000)
  eden space 140800K, 99% used [0x00000000d5580000,0x00000000ddefea90,0x00000000ddf00000)
  from space 17920K, 99% used [0x00000000dfa80000,0x00000000e0bff140,0x00000000e0c00000)
  to   space 28160K, 0% used [0x00000000ddf00000,0x00000000ddf00000,0x00000000dfa80000)
 ParOldGen       total 91136K, used 61593K [0x0000000080000000, 0x0000000085900000, 0x00000000d5580000)
  object space 91136K, 67% used [0x0000000080000000,0x0000000083c26448,0x0000000085900000)
 Metaspace       used 70661K, capacity 74050K, committed 74200K, reserved 1114112K
  class space    used 9518K, capacity 10147K, committed 10240K, reserved 1048576K
Event: 123.124 GC heap after
Heap after GC invocations=24 (full 3):
 PSYoungGen      total 168960K, used 17197K [0x00000000d5580000, 0x00000000e3680000, 0x0000000100000000)
  eden space 140800K, 0% used [0x00000000d5580000,0x00000000d5580000,0x00000000ddf00000)
  from space 28160K, 61% used [0x00000000ddf00000,0x00000000defcb458,0x00000000dfa80000)
  to   space 28672K, 0% used [0x00000000e1a80000,0x00000000e1a80000,0x00000000e3680000)
 ParOldGen       total 91136K, used 71906K [0x0000000080000000, 0x0000000085900000, 0x00000000d5580000)
  object space 91136K, 78% used [0x0000000080000000,0x00000000846388e8,0x0000000085900000)
 Metaspace       used 70661K, capacity 74050K, committed 74200K, reserved 1114112K
  class space    used 9518K, capacity 10147K, committed 10240K, reserved 1048576K
}
Event: 140.644 GC heap before
{Heap before GC invocations=25 (full 3):
 PSYoungGen      total 168960K, used 157997K [0x00000000d5580000, 0x00000000e3680000, 0x0000000100000000)
  eden space 140800K, 100% used [0x00000000d5580000,0x00000000ddf00000,0x00000000ddf00000)
  from space 28160K, 61% used [0x00000000ddf00000,0x00000000defcb458,0x00000000dfa80000)
  to   space 28672K, 0% used [0x00000000e1a80000,0x00000000e1a80000,0x00000000e3680000)
 ParOldGen       total 91136K, used 71906K [0x0000000080000000, 0x0000000085900000, 0x00000000d5580000)
  object space 91136K, 78% used [0x0000000080000000,0x00000000846388e8,0x0000000085900000)
 Metaspace       used 73647K, capacity 77012K, committed 77144K, reserved 1116160K
  class space    used 9875K, capacity 10514K, committed 10624K, reserved 1048576K
Event: 141.855 GC heap after
Heap after GC invocations=25 (full 3):
 PSYoungGen      total 201728K, used 7315K [0x00000000d5580000, 0x00000000e3580000, 0x0000000100000000)
  eden space 174080K, 0% used [0x00000000d5580000,0x00000000d5580000,0x00000000dff80000)
  from space 27648K, 26% used [0x00000000e1a80000,0x00000000e21a4c90,0x00000000e3580000)
  to   space 27648K, 0% used [0x00000000dff80000,0x00000000dff80000,0x00000000e1a80000)
 ParOldGen       total 91136K, used 87808K [0x0000000080000000, 0x0000000085900000, 0x00000000d5580000)
  object space 91136K, 96% used [0x0000000080000000,0x00000000855c0320,0x0000000085900000)
 Metaspace       used 73647K, capacity 77012K, committed 77144K, reserved 1116160K
  class space    used 9875K, capacity 10514K, committed 10624K, reserved 1048576K
}
Event: 141.855 GC heap before
{Heap before GC invocations=26 (full 4):
 PSYoungGen      total 201728K, used 7315K [0x00000000d5580000, 0x00000000e3580000, 0x0000000100000000)
  eden space 174080K, 0% used [0x00000000d5580000,0x00000000d5580000,0x00000000dff80000)
  from space 27648K, 26% used [0x00000000e1a80000,0x00000000e21a4c90,0x00000000e3580000)
  to   space 27648K, 0% used [0x00000000dff80000,0x00000000dff80000,0x00000000e1a80000)
 ParOldGen       total 91136K, used 87808K [0x0000000080000000, 0x0000000085900000, 0x00000000d5580000)
  object space 91136K, 96% used [0x0000000080000000,0x00000000855c0320,0x0000000085900000)
 Metaspace       used 73647K, capacity 77012K, committed 77144K, reserved 1116160K
  class space    used 9875K, capacity 10514K, committed 10624K, reserved 1048576K
Event: 147.573 GC heap after
Heap after GC invocations=26 (full 4):
 PSYoungGen      total 201728K, used 0K [0x00000000d5580000, 0x00000000e3580000, 0x0000000100000000)
  eden space 174080K, 0% used [0x00000000d5580000,0x00000000d5580000,0x00000000dff80000)
  from space 27648K, 0% used [0x00000000e1a80000,0x00000000e1a80000,0x00000000e3580000)
  to   space 27648K, 0% used [0x00000000dff80000,0x00000000dff80000,0x00000000e1a80000)
 ParOldGen       total 125952K, used 55535K [0x0000000080000000, 0x0000000087b00000, 0x00000000d5580000)
  object space 125952K, 44% used [0x0000000080000000,0x000000008363bc68,0x0000000087b00000)
 Metaspace       used 73590K, capacity 76844K, committed 77144K, reserved 1116160K
  class space    used 9857K, capacity 10484K, committed 10624K, reserved 1048576K
}
Event: 158.782 GC heap before
{Heap before GC invocations=27 (full 4):
 PSYoungGen      total 201728K, used 174080K [0x00000000d5580000, 0x00000000e3580000, 0x0000000100000000)
  eden space 174080K, 100% used [0x00000000d5580000,0x00000000dff80000,0x00000000dff80000)
  from space 27648K, 0% used [0x00000000e1a80000,0x00000000e1a80000,0x00000000e3580000)
  to   space 27648K, 0% used [0x00000000dff80000,0x00000000dff80000,0x00000000e1a80000)
 ParOldGen       total 125952K, used 55535K [0x0000000080000000, 0x0000000087b00000, 0x00000000d5580000)
  object space 125952K, 44% used [0x0000000080000000,0x000000008363bc68,0x0000000087b00000)
 Metaspace       used 74585K, capacity 77950K, committed 78296K, reserved 1116160K
  class space    used 9982K, capacity 10625K, committed 10752K, reserved 1048576K
Event: 158.955 GC heap after
Heap after GC invocations=27 (full 4):
 PSYoungGen      total 201728K, used 13969K [0x00000000d5580000, 0x00000000e3580000, 0x0000000100000000)
  eden space 174080K, 0% used [0x00000000d5580000,0x00000000d5580000,0x00000000dff80000)
  from space 27648K, 50% used [0x00000000dff80000,0x00000000e0d24440,0x00000000e1a80000)
  to   space 27648K, 0% used [0x00000000e1a80000,0x00000000e1a80000,0x00000000e3580000)
 ParOldGen       total 125952K, used 55543K [0x0000000080000000, 0x0000000087b00000, 0x00000000d5580000)
  object space 125952K, 44% used [0x0000000080000000,0x000000008363dc68,0x0000000087b00000)
 Metaspace       used 74585K, capacity 77950K, committed 78296K, reserved 1116160K
  class space    used 9982K, capacity 10625K, committed 10752K, reserved 1048576K
}

Deoptimization events (10 events):
Event: 150.645 Thread 0x000000001a5e2800 Uncommon trap: reason=unstable_if action=reinterpret pc=0x0000000003c32f24 method=java.io.BufferedOutputStream.write(I)V @ 9
Event: 151.259 Thread 0x000000001a5e3800 Uncommon trap: reason=class_check action=maybe_recompile pc=0x000000000369552c method=java.io.BufferedOutputStream.write([BII)V @ 20
Event: 151.260 Thread 0x000000001a5e3800 Uncommon trap: reason=class_check action=maybe_recompile pc=0x000000000369552c method=java.io.BufferedOutputStream.write([BII)V @ 20
Event: 155.230 Thread 0x000000001a5b8000 Uncommon trap: reason=unloaded action=reinterpret pc=0x0000000004f35648 method=org.gradle.cache.internal.btree.FileBackedBlockStore.write(Lorg/gradle/cache/internal/btree/BlockPayload;)V @ 19
Event: 155.231 Thread 0x000000001a5b8000 Uncommon trap: reason=class_check action=maybe_recompile pc=0x0000000003bec200 method=java.lang.Throwable.<init>(Ljava/lang/String;Ljava/lang/Throwable;)V @ 24
Event: 155.375 Thread 0x000000001e665000 Uncommon trap: reason=unstable_if action=reinterpret pc=0x0000000004f6a540 method=com.android.tools.build.apkzlib.zip.StoredEntry.<init>(Lcom/android/tools/build/apkzlib/zip/CentralDirectoryHeader;Lcom/android/tools/build/apkzlib/zip/ZFile;Lcom/android/to
Event: 155.393 Thread 0x000000001e665000 Uncommon trap: reason=class_check action=maybe_recompile pc=0x0000000004e245a0 method=java.util.zip.InflaterInputStream.fill()V @ 19
Event: 155.396 Thread 0x000000001e665000 Uncommon trap: reason=class_check action=maybe_recompile pc=0x0000000004e245a0 method=java.util.zip.InflaterInputStream.fill()V @ 19
Event: 155.396 Thread 0x000000001e665000 Uncommon trap: reason=class_check action=maybe_recompile pc=0x0000000004e245a0 method=java.util.zip.InflaterInputStream.fill()V @ 19
Event: 155.528 Thread 0x000000001e665000 Uncommon trap: reason=class_check action=maybe_recompile pc=0x0000000004e245a0 method=java.util.zip.InflaterInputStream.fill()V @ 19

Classes redefined (0 events):
No events

Internal exceptions (10 events):
Event: 158.640 Thread 0x000000001a5e3800 Exception <a 'sun/nio/fs/WindowsException'> (0x00000000df685430) thrown at [C:\src\AOSP-openjdk-git\hotspot\src\share\vm\prims\jni.cpp, line 710]
Event: 158.648 Thread 0x000000001a5e2800 Exception <a 'sun/nio/fs/WindowsException'> (0x00000000dfbabec8) thrown at [C:\src\AOSP-openjdk-git\hotspot\src\share\vm\prims\jni.cpp, line 710]
Event: 158.684 Thread 0x000000001a5e2800 Exception <a 'sun/nio/fs/WindowsException'> (0x00000000dfc5b288) thrown at [C:\src\AOSP-openjdk-git\hotspot\src\share\vm\prims\jni.cpp, line 710]
Event: 158.684 Thread 0x000000001a5e3800 Exception <a 'sun/nio/fs/WindowsException'> (0x00000000dfc1f8c8) thrown at [C:\src\AOSP-openjdk-git\hotspot\src\share\vm\prims\jni.cpp, line 710]
Event: 158.691 Thread 0x000000001a5e6800 Exception <a 'sun/nio/fs/WindowsException'> (0x00000000dfc9f140) thrown at [C:\src\AOSP-openjdk-git\hotspot\src\share\vm\prims\jni.cpp, line 710]
Event: 158.727 Thread 0x000000001a5e3800 Exception <a 'sun/nio/fs/WindowsException'> (0x00000000dfd2cc68) thrown at [C:\src\AOSP-openjdk-git\hotspot\src\share\vm\prims\jni.cpp, line 710]
Event: 158.735 Thread 0x000000001a5e6800 Exception <a 'sun/nio/fs/WindowsException'> (0x00000000dfcd61f0) thrown at [C:\src\AOSP-openjdk-git\hotspot\src\share\vm\prims\jni.cpp, line 710]
Event: 158.753 Thread 0x000000001a5e3800 Exception <a 'sun/nio/fs/WindowsException'> (0x00000000dfdec2c8) thrown at [C:\src\AOSP-openjdk-git\hotspot\src\share\vm\prims\jni.cpp, line 710]
Event: 158.767 Thread 0x000000001a5e6800 Exception <a 'sun/nio/fs/WindowsException'> (0x00000000dfdb56f0) thrown at [C:\src\AOSP-openjdk-git\hotspot\src\share\vm\prims\jni.cpp, line 710]
Event: 158.956 Thread 0x000000001a5e3800 Exception <a 'sun/nio/fs/WindowsException'> (0x00000000d55856c8) thrown at [C:\src\AOSP-openjdk-git\hotspot\src\share\vm\prims\jni.cpp, line 710]

Events (10 events):
Event: 158.970 Executing VM operation: RevokeBias
Event: 158.970 Executing VM operation: RevokeBias done
Event: 158.970 Executing VM operation: RevokeBias
Event: 158.970 Executing VM operation: RevokeBias done
Event: 158.970 Executing VM operation: RevokeBias
Event: 158.971 Executing VM operation: RevokeBias done
Event: 158.971 Executing VM operation: BulkRevokeBias
Event: 158.973 Executing VM operation: BulkRevokeBias done
Event: 159.001 Thread 0x0000000018ef1800 flushing nmethod 0x0000000003141ad0
Event: 159.002 Thread 0x0000000018ef1800 flushing nmethod 0x0000000003151050


Dynamic libraries:
0x00007ff75b270000 - 0x00007ff75b2a1000 	C:\Program Files\Android\Android Studio1\jre\bin\java.exe
0x00007ff9fcfd0000 - 0x00007ff9fd1c5000 	C:\WINDOWS\SYSTEM32\ntdll.dll
0x00007ff9fb3b0000 - 0x00007ff9fb46d000 	C:\WINDOWS\System32\KERNEL32.DLL
0x00007ff9fa7a0000 - 0x00007ff9faa69000 	C:\WINDOWS\System32\KERNELBASE.dll
0x00007ff9fccc0000 - 0x00007ff9fcd6c000 	C:\WINDOWS\System32\ADVAPI32.dll
0x00007ff9fcef0000 - 0x00007ff9fcf8e000 	C:\WINDOWS\System32\msvcrt.dll
0x00007ff9fb090000 - 0x00007ff9fb12b000 	C:\WINDOWS\System32\sechost.dll
0x00007ff9fc5d0000 - 0x00007ff9fc6fa000 	C:\WINDOWS\System32\RPCRT4.dll
0x00007ff9fbd80000 - 0x00007ff9fbf20000 	C:\WINDOWS\System32\USER32.dll
0x00007ff9fabf0000 - 0x00007ff9fac12000 	C:\WINDOWS\System32\win32u.dll
0x00007ff9fb4d0000 - 0x00007ff9fb4fa000 	C:\WINDOWS\System32\GDI32.dll
0x00007ff9fae70000 - 0x00007ff9faf7b000 	C:\WINDOWS\System32\gdi32full.dll
0x00007ff9fa700000 - 0x00007ff9fa79d000 	C:\WINDOWS\System32\msvcp_win.dll
0x00007ff9faac0000 - 0x00007ff9fabc0000 	C:\WINDOWS\System32\ucrtbase.dll
0x00007ff9e4de0000 - 0x00007ff9e507a000 	C:\WINDOWS\WinSxS\amd64_microsoft.windows.common-controls_6595b64144ccf1df_6.0.19041.1110_none_60b5254171f9507e\COMCTL32.dll
0x00007ff9fcd70000 - 0x00007ff9fcda0000 	C:\WINDOWS\System32\IMM32.DLL
0x000000005ccf0000 - 0x000000005cdc2000 	C:\Program Files\Android\Android Studio1\jre\jre\bin\msvcr100.dll
0x000000005ceb0000 - 0x000000005d6fb000 	C:\Program Files\Android\Android Studio1\jre\jre\bin\server\jvm.dll
0x00007ff9fce00000 - 0x00007ff9fce08000 	C:\WINDOWS\System32\PSAPI.DLL
0x00007ff9e6a40000 - 0x00007ff9e6a67000 	C:\WINDOWS\SYSTEM32\WINMM.dll
0x00007ff9f8e90000 - 0x00007ff9f8e9a000 	C:\WINDOWS\SYSTEM32\VERSION.dll
0x00007ff9e6b70000 - 0x00007ff9e6b79000 	C:\WINDOWS\SYSTEM32\WSOCK32.dll
0x00007ff9fbf20000 - 0x00007ff9fbf8b000 	C:\WINDOWS\System32\WS2_32.dll
0x00007ff9f8eb0000 - 0x00007ff9f8ebf000 	C:\Program Files\Android\Android Studio1\jre\jre\bin\verify.dll
0x00007ff9f7820000 - 0x00007ff9f7849000 	C:\Program Files\Android\Android Studio1\jre\jre\bin\java.dll
0x00007ff9f78e0000 - 0x00007ff9f78f6000 	C:\Program Files\Android\Android Studio1\jre\jre\bin\zip.dll
0x00007ff9fb630000 - 0x00007ff9fbd6f000 	C:\WINDOWS\System32\SHELL32.dll
0x00007ff9f8650000 - 0x00007ff9f8de0000 	C:\WINDOWS\SYSTEM32\windows.storage.dll
0x00007ff9fc700000 - 0x00007ff9fca55000 	C:\WINDOWS\System32\combase.dll
0x00007ff9fa090000 - 0x00007ff9fa0bc000 	C:\WINDOWS\SYSTEM32\Wldp.dll
0x00007ff9fcb80000 - 0x00007ff9fcc2e000 	C:\WINDOWS\System32\SHCORE.dll
0x00007ff9fb470000 - 0x00007ff9fb4c5000 	C:\WINDOWS\System32\shlwapi.dll
0x00007ff9fa640000 - 0x00007ff9fa65f000 	C:\WINDOWS\SYSTEM32\profapi.dll
0x00007ff9f5ae0000 - 0x00007ff9f5afa000 	C:\Program Files\Android\Android Studio1\jre\jre\bin\net.dll
0x00007ff9f9df0000 - 0x00007ff9f9e5a000 	C:\WINDOWS\system32\mswsock.dll
0x00007ff9f5a40000 - 0x00007ff9f5a53000 	C:\Program Files\Android\Android Studio1\jre\jre\bin\nio.dll
0x00007ff9f5b00000 - 0x00007ff9f5b27000 	C:\Users\82105\.gradle\native\f6784746aeab05261644944871eae4fe03e0ef1612fff0a4a95f87b438bc6780\windows-amd64\native-platform.dll
0x00007ff9f8ea0000 - 0x00007ff9f8ead000 	C:\Program Files\Android\Android Studio1\jre\jre\bin\management.dll
0x00007ff9f9ff0000 - 0x00007ff9fa008000 	C:\WINDOWS\SYSTEM32\CRYPTSP.dll
0x00007ff9f9770000 - 0x00007ff9f97a4000 	C:\WINDOWS\system32\rsaenh.dll
0x00007ff9fabc0000 - 0x00007ff9fabe7000 	C:\WINDOWS\System32\bcrypt.dll
0x00007ff9fa600000 - 0x00007ff9fa62e000 	C:\WINDOWS\SYSTEM32\USERENV.dll
0x00007ff9fac80000 - 0x00007ff9fad03000 	C:\WINDOWS\System32\bcryptprimitives.dll
0x00007ff9f9fe0000 - 0x00007ff9f9fec000 	C:\WINDOWS\SYSTEM32\CRYPTBASE.dll
0x00007ff9f9ae0000 - 0x00007ff9f9b1b000 	C:\WINDOWS\SYSTEM32\IPHLPAPI.DLL
0x00007ff9fbd70000 - 0x00007ff9fbd78000 	C:\WINDOWS\System32\NSI.dll
0x00007ff9eb140000 - 0x00007ff9eb157000 	C:\WINDOWS\SYSTEM32\dhcpcsvc6.DLL
0x00007ff9eba60000 - 0x00007ff9eba7d000 	C:\WINDOWS\SYSTEM32\dhcpcsvc.DLL
0x00007ff9f9b20000 - 0x00007ff9f9bec000 	C:\WINDOWS\SYSTEM32\DNSAPI.dll
0x00007ff9efcc0000 - 0x00007ff9efccb000 	C:\WINDOWS\SYSTEM32\WINNSI.DLL
0x00007ff9c5620000 - 0x00007ff9c57bc000 	C:\Program Files\Android\Android Studio1\jre\jre\bin\awt.dll
0x00007ff9fb130000 - 0x00007ff9fb1fd000 	C:\WINDOWS\System32\OLEAUT32.dll
0x00007ff9f7f90000 - 0x00007ff9f7fbf000 	C:\WINDOWS\SYSTEM32\dwmapi.dll
0x00007ff9f6380000 - 0x00007ff9f6940000 	C:\WINDOWS\SYSTEM32\d2d1.dll
0x00007ff9f7760000 - 0x00007ff9f77f0000 	C:\WINDOWS\SYSTEM32\apphelp.dll
0x00007ff9f7a10000 - 0x00007ff9f7aae000 	C:\WINDOWS\system32\uxtheme.dll

VM Arguments:
jvm_args: -Xmx2048m -Dfile.encoding=UTF-8 -Duser.country=KR -Duser.language=ko -Duser.variant 
java_command: org.gradle.launcher.daemon.bootstrap.GradleDaemon 6.5
java_class_path (initial): C:\Users\82105\.gradle\wrapper\dists\gradle-6.5-all\2oz4ud9k3tuxjg84bbf55q0tn\gradle-6.5\lib\gradle-launcher-6.5.jar
Launcher Type: SUN_STANDARD

Environment Variables:
JAVA_HOME=C:\Program Files\Java\jdk-14.0.1
PATH=C:\Program Files\Java\jdk-14.0.1\bin;C:\Program Files\Common Files\Oracle\Java\javapath;C:\Program Files (x86)\Common Files\Oracle\Java\javapath;C:\Program Files (x86)\Intel\iCLS Client\;C:\Program Files\Intel\iCLS Client\;C:\WINDOWS\system32;C:\WINDOWS;C:\WINDOWS\System32\Wbem;C:\WINDOWS\System32\WindowsPowerShell\v1.0\;C:\WINDOWS\System32\OpenSSH\;C:\Program Files (x86)\Intel\Intel(R) Management Engine Components\DAL;C:\Program Files\Intel\Intel(R) Management Engine Components\DAL;C:\Program Files (x86)\Intel\Intel(R) Management Engine Components\IPT;C:\Program Files\Intel\Intel(R) Management Engine Components\IPT;C:\Program Files\dotnet\;C:\Program Files (x86)\dotnet\;C:\Program Files\nodejs\;C:\Program Files\Git\cmd;C:\Users\82105\AppData\Local\Programs\Python\Python38-32\Scripts\;C:\Users\82105\AppData\Local\Programs\Python\Python38-32\;C:\Users\82105\AppData\Local\Microsoft\WindowsApps;;C:\Users\82105\AppData\Local\Programs\Microsoft VS Code\bin;C:\Users\82105\.dotnet\tools;C:\Users\82105\AppData\Roaming\npm
USERNAME=82105
OS=Windows_NT
PROCESSOR_IDENTIFIER=Intel64 Family 6 Model 142 Stepping 10, GenuineIntel



---------------  S Y S T E M  ---------------

OS: Windows 10.0 , 64 bit Build 19041 (10.0.19041.1151)

CPU:total 4 (initial active 4) (2 cores per cpu, 2 threads per core) family 6 model 142 stepping 10, cmov, cx8, fxsr, mmx, sse, sse2, sse3, ssse3, sse4.1, sse4.2, popcnt, avx, avx2, aes, clmul, erms, 3dnowpref, lzcnt, ht, tsc, tscinvbit, bmi1, bmi2, adx

Memory: 4k page, physical 4024148k(114408k free), swap 16607060k(1144k free)

vm_info: OpenJDK 64-Bit Server VM (25.242-b01) for windows-amd64 JRE (1.8.0_242-release-1644-b01), built by "builder" with MS VC++ 10.0 (VS2010)

time: Mon Aug 23 19:34:33 2021
timezone: 대한민국 표준시
elapsed time: 159 seconds (0d 0h 2m 39s)

